<?xml version="1.0" encoding="UTF-8"?>
<!-- Generated by org.testng.reporters.JUnitReportReporter -->
<testsuite skipped="0" hostname="TM-PC" name="com.Testcases.Tc01_LaunchApplication" tests="2" failures="0" timestamp="26 Jul 2018 04:46:44 GMT" time="17.554" errors="0">
  <testcase name="excel" time="0.835" classname="com.Testcases.Tc01_LaunchApplication"/>
  <testcase name="validate_LoginPage" time="16.719" classname="com.Testcases.Tc01_LaunchApplication"/>
</testsuite> <!-- com.Testcases.Tc01_LaunchApplication -->
